[08 Jun 2021 10:04:59,213] [main] ERROR code.src.BaseAttributes.exceptions.SystemErrors  - Key not found!!!
[08 Jun 2021 10:04:59,214] [main] ERROR code.src.BaseAttributes.exceptions.SystemErrors  - Key not found!!!
[08 Jun 2021 10:04:59,214] [main] ERROR code.src.BaseAttributes.exceptions.SystemErrors  - Key already exist!!!
[08 Jun 2021 10:04:59,214] [main] ERROR code.src.BaseAttributes.exceptions.SystemErrors  - Key already exist!!!
[08 Jun 2021 10:04:59,215] [main] ERROR code.src.BaseAttributes.exceptions.SystemErrors  - Key already exist!!!
[08 Jun 2021 10:04:59,215] [main] ERROR code.src.BaseAttributes.exceptions.SystemErrors  - Key already exist!!!
[08 Jun 2021 10:04:59,215] [main] ERROR code.src.BaseAttributes.exceptions.SystemErrors  - Key already exist!!!
[08 Jun 2021 10:04:59,215] [main] ERROR code.src.BaseAttributes.exceptions.SystemErrors  - Key already exist!!!
[08 Jun 2021 10:04:59,227] [main] TRACE code.src.Form.FormF1.Test_FormF1  - Setting the map to [ PatternMap ] 
[08 Jun 2021 10:04:59,227] [main] TRACE code.src.Form.FormF1.Test_FormF1  - Map set successfully.
[08 Jun 2021 10:04:59,227] [main] TRACE code.src.Form.FormF1.Test_FormF1  - Loading the http input to a hashmap...
[08 Jun 2021 10:04:59,227] [main] TRACE code.src.Form.FormF1.Test_FormF1  - Getting API data from the end point...
[08 Jun 2021 10:04:59,228] [main] TRACE code.src.Form.FormF1.Test_FormF1  - Initializing the api url...
[08 Jun 2021 10:04:59,230] [main] INFO  code.src.Form.FormF1.Test_FormF1  - The specified url is : [ http://localhost:8080/F1 ] 
[08 Jun 2021 10:04:59,231] [main] TRACE code.src.Form.FormF1.Test_FormF1  - Initiating the http url connection...
[08 Jun 2021 10:04:59,237] [main] TRACE code.src.Form.FormF1.Test_FormF1  - Http url connection initiated.
[08 Jun 2021 10:04:59,237] [main] TRACE code.src.Form.FormF1.Test_FormF1  - Setting the request type...
[08 Jun 2021 10:04:59,237] [main] INFO  code.src.Form.FormF1.Test_FormF1  - The request type is : [ GET ] 
[08 Jun 2021 10:04:59,237] [main] TRACE code.src.Form.FormF1.Test_FormF1  - Connecting to the API...
[08 Jun 2021 10:04:59,245] [main] TRACE code.src.Form.FormF1.Test_FormF1  - API connection established.
[08 Jun 2021 10:04:59,245] [main] TRACE code.src.Form.FormF1.Test_FormF1  - Getting the response code...
[08 Jun 2021 10:04:59,252] [main] INFO  code.src.Form.FormF1.Test_FormF1  - The response code is : [ 200 ] 
[08 Jun 2021 10:04:59,252] [main] TRACE code.src.Form.FormF1.Test_FormF1  - Initializing the scanner...
[08 Jun 2021 10:04:59,258] [main] TRACE code.src.Form.FormF1.Test_FormF1  - scanner initialized...
[08 Jun 2021 10:04:59,258] [main] TRACE code.src.Form.FormF1.Test_FormF1  - Writing all the JSON data into a string...
[08 Jun 2021 10:04:59,262] [main] TRACE code.src.Form.FormF1.Test_FormF1  - All the JSON data is written into a string successfully.
[08 Jun 2021 10:04:59,263] [main] TRACE code.src.Form.FormF1.Test_FormF1  - Closing the scanner...
[08 Jun 2021 10:04:59,263] [main] TRACE code.src.Form.FormF1.Test_FormF1  - Scanner closed...
[08 Jun 2021 10:04:59,263] [main] TRACE code.src.Form.FormF1.Test_FormF1  - Parsing the string into a json object...
[08 Jun 2021 10:04:59,265] [main] INFO  code.src.Form.FormF1.Test_FormF1  - Json object obtained after parsing the string is : 
 {"__FORM_NAME__":"F1","__FORM__::F1::__FIELD_VALUE__::first_name":"zafar","__FORM__::F1::__FIELD_LIST__":["first_name","last_name","mobile_number"],"__FORM__::F1::__FIELD_VALUE__::mobile_number":"9980778909","__FORM__::F1::__FIELD_VALUE__::last_name":"Abba"}
[08 Jun 2021 10:04:59,265] [main] TRACE code.src.Form.FormF1.Test_FormF1  - Setting the map to [ HttpInputF1 ] 
[08 Jun 2021 10:04:59,265] [main] TRACE code.src.Form.FormF1.Test_FormF1  - Map set successfully.
[08 Jun 2021 10:04:59,265] [main] TRACE code.src.Form.FormF1.Test_FormF1  - Http input is loaded to hashmap successfully.
[08 Jun 2021 10:04:59,266] [main] TRACE code.src.Form.FormF1.Test_FormF1  - Loading the definition for form F1...
[08 Jun 2021 10:04:59,267] [main] TRACE code.src.Form.FormF1.Test_FormF1  - Setting the map to [ FormDefinitionF1 ] 
[08 Jun 2021 10:04:59,267] [main] TRACE code.src.Form.FormF1.Test_FormF1  - Map set successfully.
[08 Jun 2021 10:04:59,267] [main] TRACE code.src.Form.FormF1.Test_FormF1  - Definition for form F1 loaded successfully.
[08 Jun 2021 10:04:59,268] [main] TRACE code.src.Form.FormF1.Test_FormF1  - Getting the value for key : [ __FORM__::F1::__FIELD_LIST__ ] from map : [ HttpInputF1 ] 
[08 Jun 2021 10:04:59,268] [main] TRACE code.src.Form.FormF1.Test_FormF1  - Getting the value for key : [ __FORM__::F1::__FIELD_LIST__ ] from map : [ FormDefinitionF1 ] 
[08 Jun 2021 10:04:59,268] [main] TRACE code.src.Form.FormF1.Test_FormF1  - Getting the value for key : [ __FORM__::F1::__FIELD_LIST__::Mandatory ] from map : [ FormDefinitionF1 ] 
[08 Jun 2021 10:04:59,268] [main] TRACE code.src.Form.FormF1.Test_FormF1  - Checking whether expected fields have come in http input...
[08 Jun 2021 10:04:59,268] [main] TRACE code.src.Form.FormF1.Test_FormF1  - Checking whether mandatory fields have come in http input...
[08 Jun 2021 10:04:59,268] [main] TRACE code.src.Form.FormF1.Test_FormF1  - Validating each fields coming from http...
[08 Jun 2021 10:04:59,269] [main] TRACE code.src.Form.FormF1.Test_FormF1  - Validate the input string for given rule specified...
[08 Jun 2021 10:04:59,269] [main] TRACE code.src.Form.FormF1.Test_FormF1  - Validating the string against the pattern specified for the rule...
[08 Jun 2021 10:04:59,269] [main] TRACE code.src.Form.FormF1.Test_FormF1  - Getting the value for key : [ notEmpty ] from map : [ PatternMap ] 
[08 Jun 2021 10:04:59,269] [main] TRACE code.src.Form.FormF1.Test_FormF1  - Getting the value for key : [ isAlphabetic ] from map : [ PatternMap ] 
[08 Jun 2021 10:04:59,270] [main] INFO  code.src.Form.FormF1.Test_FormF1  - Result of the validation for field : [ first_name ] is...
[08 Jun 2021 10:04:59,270] [main] TRACE code.src.Form.FormF1.Test_FormF1  - Printing the values of hashmap : [ FormValidationResultMap_F1 ] 
[08 Jun 2021 10:04:59,270] [main] INFO  code.src.Form.FormF1.Test_FormF1  - Key : [ isAlphabetic ], Value : [ true ] 
[08 Jun 2021 10:04:59,270] [main] INFO  code.src.Form.FormF1.Test_FormF1  - Key : [ notEmpty ], Value : [ true ] 
[08 Jun 2021 10:04:59,271] [main] TRACE code.src.Form.FormF1.Test_FormF1  - Printing error and help code if generated during validation...
[08 Jun 2021 10:04:59,271] [main] TRACE code.src.Form.FormF1.Test_FormF1  - Printing the values of hashmap : [ FormErrorsF1 ] 
[08 Jun 2021 10:04:59,271] [main] TRACE code.src.Form.FormF1.Test_FormF1  - Printing the values of hashmap : [ FormHelpF1 ] 
[08 Jun 2021 10:04:59,271] [main] TRACE code.src.Form.FormF1.Test_FormF1  - Validate the input string for given rule specified...
[08 Jun 2021 10:04:59,271] [main] TRACE code.src.Form.FormF1.Test_FormF1  - Validating the string against the pattern specified for the rule...
[08 Jun 2021 10:04:59,271] [main] TRACE code.src.Form.FormF1.Test_FormF1  - Getting the value for key : [ notEmpty ] from map : [ PatternMap ] 
[08 Jun 2021 10:04:59,271] [main] TRACE code.src.Form.FormF1.Test_FormF1  - Getting the value for key : [ isAlphabetic ] from map : [ PatternMap ] 
[08 Jun 2021 10:04:59,272] [main] INFO  code.src.Form.FormF1.Test_FormF1  - Result of the validation for field : [ last_name ] is...
[08 Jun 2021 10:04:59,272] [main] TRACE code.src.Form.FormF1.Test_FormF1  - Printing the values of hashmap : [ FormValidationResultMap_F1 ] 
[08 Jun 2021 10:04:59,272] [main] INFO  code.src.Form.FormF1.Test_FormF1  - Key : [ isAlphabetic ], Value : [ true ] 
[08 Jun 2021 10:04:59,272] [main] INFO  code.src.Form.FormF1.Test_FormF1  - Key : [ notEmpty ], Value : [ true ] 
[08 Jun 2021 10:04:59,272] [main] TRACE code.src.Form.FormF1.Test_FormF1  - Printing error and help code if generated during validation...
[08 Jun 2021 10:04:59,272] [main] TRACE code.src.Form.FormF1.Test_FormF1  - Printing the values of hashmap : [ FormErrorsF1 ] 
[08 Jun 2021 10:04:59,272] [main] TRACE code.src.Form.FormF1.Test_FormF1  - Printing the values of hashmap : [ FormHelpF1 ] 
[08 Jun 2021 10:04:59,273] [main] TRACE code.src.Form.FormF1.Test_FormF1  - Validate the input string for given rule specified...
[08 Jun 2021 10:04:59,273] [main] TRACE code.src.Form.FormF1.Test_FormF1  - Validating the string against the pattern specified for the rule...
[08 Jun 2021 10:04:59,273] [main] TRACE code.src.Form.FormF1.Test_FormF1  - Getting the value for key : [ notEmpty ] from map : [ PatternMap ] 
[08 Jun 2021 10:04:59,273] [main] TRACE code.src.Form.FormF1.Test_FormF1  - Getting the value for key : [ isNumeric ] from map : [ PatternMap ] 
[08 Jun 2021 10:04:59,274] [main] TRACE code.src.Form.FormF1.Test_FormF1  - Getting the value for key : [ containsExpectedLength ] from map : [ PatternMap ] 
[08 Jun 2021 10:04:59,274] [main] INFO  code.src.Form.FormF1.Test_FormF1  - Result of the validation for field : [ mobile_number ] is...
[08 Jun 2021 10:04:59,274] [main] TRACE code.src.Form.FormF1.Test_FormF1  - Printing the values of hashmap : [ FormValidationResultMap_F1 ] 
[08 Jun 2021 10:04:59,274] [main] INFO  code.src.Form.FormF1.Test_FormF1  - Key : [ isAlphabetic ], Value : [ true ] 
[08 Jun 2021 10:04:59,274] [main] INFO  code.src.Form.FormF1.Test_FormF1  - Key : [ isNumeric ], Value : [ true ] 
[08 Jun 2021 10:04:59,274] [main] INFO  code.src.Form.FormF1.Test_FormF1  - Key : [ notEmpty ], Value : [ true ] 
[08 Jun 2021 10:04:59,275] [main] INFO  code.src.Form.FormF1.Test_FormF1  - Key : [ containsExpectedLength ], Value : [ true ] 
[08 Jun 2021 10:04:59,275] [main] TRACE code.src.Form.FormF1.Test_FormF1  - Printing error and help code if generated during validation...
[08 Jun 2021 10:04:59,275] [main] TRACE code.src.Form.FormF1.Test_FormF1  - Printing the values of hashmap : [ FormErrorsF1 ] 
[08 Jun 2021 10:04:59,275] [main] TRACE code.src.Form.FormF1.Test_FormF1  - Printing the values of hashmap : [ FormHelpF1 ] 
