[main] INFO  Test_Common_Error  - Test class works
[main] INFO  Test_Common_Error  - Test class works
[main] INFO  Test_Common_Error  - Test class works
[main] INFO  Test_Common_Error  - Test class works
[main] TRACE MMZed_Errors.Test_MMZed_ErrorEngine  - Setting the map...
[main] TRACE MMZed_Errors.Test_MMZed_ErrorEngine  - Map set successfully.
[main] TRACE MMZed_Errors.Test_MMZed_ErrorEngine  - Getting the map...
[main] TRACE MMZed_Errors.Test_MMZed_ErrorEngine  - Printing the hashmap values...
[main] INFO  MMZed_Errors.Test_MMZed_ErrorEngine  - Key : [ __FORM_VALIDATION_ERROR__::__COMMON__::__ERROR__::firstName_EC_NE::__ERROR_TYPE__::system::__ERROR_ID__::s.01::message::default ], Value : [ First name, Not Empty condition failed!!! ] 
[main] INFO  MMZed_Errors.Test_MMZed_ErrorEngine  - Key : [ __FORM_VALIDATION_ERROR__::__COMMON__::__ERROR_LIST__ ], Value : [ ["firstName_EC_NE","firstName_EC_IA","firstName_EC_CEL","middleName_EC_NE","middleName_EC_IA","lastName_EC_NE","lastName_EC_IA","mobileNumber_EC_NE","mobileNumber_EC_IN","mobileNumber_EC_CEL","email_EC_CEF","postalAddress_EC_NE","postalAddress_EC_IWML"] ] 
[main] INFO  MMZed_Errors.Test_MMZed_ErrorEngine  - Key : [ __FORM_VALIDATION_ERROR__::__COMMON__::__ERROR__::postalAddress_EC_NE::__ERROR_TYPE__::user::__ERROR_ID__::u.01::message ], Value : [ The postal address field is empty!!! ] 
[main] INFO  MMZed_Errors.Test_MMZed_ErrorEngine  - Key : [ __FORM_VALIDATION_ERROR__::__COMMON__::__ERROR__::firstName_EC_NE::__ERROR_TYPES__ ], Value : [ ["system","user"] ] 
[main] INFO  MMZed_Errors.Test_MMZed_ErrorEngine  - Key : [ __FORM_VALIDATION_ERROR__::__COMMON__::__ERROR__::middleName_EC_NE::__ERROR_TYPE__::user::__ERROR_ID__::u.01::message ], Value : [ The middle name field is empty!!! ] 
[main] INFO  MMZed_Errors.Test_MMZed_ErrorEngine  - Key : [ __FORM_VALIDATION_ERROR__::__COMMON__::__ERROR__::middleName_EC_IA::__ERROR_TYPE__::system::__ERROR_IDS__ ], Value : [ ["s.01"] ] 
[main] INFO  MMZed_Errors.Test_MMZed_ErrorEngine  - Key : [ __FORM_VALIDATION_ERROR__::__COMMON__::__ERROR__::lastName_EC_NE::__ERROR_TYPE__::user::__ERROR_IDS__ ], Value : [ ["u.01"] ] 
[main] INFO  MMZed_Errors.Test_MMZed_ErrorEngine  - Key : [ __FORM_VALIDATION_ERROR__::__COMMON__::__ERROR__::firstName_EC_IA::__ERROR_TYPE__::user::__ERROR_IDS__ ], Value : [ ["u.01"] ] 
[main] INFO  MMZed_Errors.Test_MMZed_ErrorEngine  - Key : [ __FORM_VALIDATION_ERROR__::__COMMON__::__ERROR__::mobileNumber_EC_NE::__ERROR_TYPE__::user::__ERROR_IDS__ ], Value : [ ["u.01"] ] 
[main] INFO  MMZed_Errors.Test_MMZed_ErrorEngine  - Key : [ __FORM_VALIDATION_ERROR__::__COMMON__::__ERROR__::mobileNumber_EC_IN::__ERROR_TYPE__::system::__ERROR_IDS__ ], Value : [ ["s.01"] ] 
[main] INFO  MMZed_Errors.Test_MMZed_ErrorEngine  - Key : [ __FORM_VALIDATION_ERROR__::__COMMON__::__ERROR__::postalAddress_EC_IWML::__ERROR_TYPE__::system::__ERROR_ID__::s.01::message ], Value : [ Postal Address, isWithinExpectedLength condition failed!!! ] 
[main] INFO  MMZed_Errors.Test_MMZed_ErrorEngine  - Key : [ __FORM_VALIDATION_ERROR__::__COMMON__::__ERROR__::email_EC_CEF::__ERROR_TYPE__::user::__ERROR_ID__::u.01::message ], Value : [ The email field does not contain expected format!!! ] 
[main] INFO  MMZed_Errors.Test_MMZed_ErrorEngine  - Key : [ __FORM_VALIDATION_ERROR__::__COMMON__::__ERROR__::firstName_EC_IA::__ERROR_TYPE__::user::__ERROR_ID__::u.01::message ], Value : [ The first name field contains non alphabetic characters!!! ] 
[main] INFO  MMZed_Errors.Test_MMZed_ErrorEngine  - Key : [ __FORM_VALIDATION_ERROR__::__COMMON__::__ERROR__::lastName_EC_NE::__ERROR_TYPES__ ], Value : [ ["system","user"] ] 
[main] INFO  MMZed_Errors.Test_MMZed_ErrorEngine  - Key : [ __FORM_VALIDATION_ERROR__::__COMMON__::__ERROR__::mobileNumber_EC_NE::__ERROR_TYPE__::system::__ERROR_ID__::s.01::message ], Value : [ Mobile Number, Not Empty condition failed!!! ] 
[main] INFO  MMZed_Errors.Test_MMZed_ErrorEngine  - Key : [ __FORM_VALIDATION_ERROR__::__COMMON__::__ERROR__::firstName_EC_NE::__ERROR_TYPE__::user::__ERROR_ID__::u.01::message::default ], Value : [ The first name field is empty!!! ] 
[main] INFO  MMZed_Errors.Test_MMZed_ErrorEngine  - Key : [ __FORM_VALIDATION_ERROR__::__COMMON__::__ERROR__::lastName_EC_IA::__ERROR_TYPE__::system::__ERROR_ID__::s.01::message ], Value : [ Last name, isAlphabetic condition failed!!! ] 
[main] INFO  MMZed_Errors.Test_MMZed_ErrorEngine  - Key : [ __FORM_VALIDATION_ERROR__::__COMMON__::__ERROR__::email_EC_CEF::__ERROR_TYPES__ ], Value : [ ["system","user"] ] 
[main] INFO  MMZed_Errors.Test_MMZed_ErrorEngine  - Key : [ __FORM_VALIDATION_ERROR__::__COMMON__::__ERROR__::mobileNumber_EC_IN::__ERROR_TYPE__::user::__ERROR_ID__::u.01::message ], Value : [ The mobile number field contains non numeric characters!!! ] 
[main] INFO  MMZed_Errors.Test_MMZed_ErrorEngine  - Key : [ __FORM_VALIDATION_ERROR__::__COMMON__::__ERROR__::mobileNumber_EC_CEL::__ERROR_TYPES__ ], Value : [ ["system","user"] ] 
[main] INFO  MMZed_Errors.Test_MMZed_ErrorEngine  - Key : [ __FORM_VALIDATION_ERROR__::__COMMON__::__ERROR__::postalAddress_EC_IWML::__ERROR_TYPE__::system::__ERROR_IDS__ ], Value : [ ["s.01"] ] 
[main] INFO  MMZed_Errors.Test_MMZed_ErrorEngine  - Key : [ __FORM_VALIDATION_ERROR__::__COMMON__::__ERROR__::middleName_EC_NE::__ERROR_TYPE__::system::__ERROR_IDS__ ], Value : [ ["s.01"] ] 
[main] INFO  MMZed_Errors.Test_MMZed_ErrorEngine  - Key : [ __FORM_VALIDATION_ERROR__::__COMMON__::__ERROR__::firstName_EC_IA::__ERROR_TYPE__::system::__ERROR_ID__::s.01::message ], Value : [ First name, isAlphabetic condition failed!!! ] 
[main] INFO  MMZed_Errors.Test_MMZed_ErrorEngine  - Key : [ __FORM_VALIDATION_ERROR__::__COMMON__::__ERROR__::firstName_EC_NE::__ERROR_TYPE__::user::__ERROR_ID__::u.01::message::custom ], Value : [ The __field__ is empty!!! ] 
[main] INFO  MMZed_Errors.Test_MMZed_ErrorEngine  - Key : [ __FORM_VALIDATION_ERROR__::__COMMON__::__ERROR__::mobileNumber_EC_NE::__ERROR_TYPES__ ], Value : [ ["system","user"] ] 
[main] INFO  MMZed_Errors.Test_MMZed_ErrorEngine  - Key : [ __FORM_VALIDATION_ERROR__::__COMMON__::__ERROR__::postalAddress_EC_NE::__ERROR_TYPE__::user::__ERROR_IDS__ ], Value : [ ["u.01"] ] 
[main] INFO  MMZed_Errors.Test_MMZed_ErrorEngine  - Key : [ __FORM_VALIDATION_ERROR__::__COMMON__::__ERROR__::mobileNumber_EC_CEL::__ERROR_TYPE__::system::__ERROR_ID__::s.01::message ], Value : [ Mobile Number, containsExpectedLength condition failed!!! ] 
[main] INFO  MMZed_Errors.Test_MMZed_ErrorEngine  - Key : [ __FORM_VALIDATION_ERROR__::__COMMON__::__ERROR__::postalAddress_EC_NE::__ERROR_TYPE__::system::__ERROR_IDS__ ], Value : [ ["s.01"] ] 
[main] INFO  MMZed_Errors.Test_MMZed_ErrorEngine  - Key : [ __FORM_VALIDATION_ERROR__::__COMMON__::__ERROR__::email_EC_CEF::__ERROR_TYPE__::user::__ERROR_IDS__ ], Value : [ ["u.01"] ] 
[main] INFO  MMZed_Errors.Test_MMZed_ErrorEngine  - Key : [ __FORM_VALIDATION_ERROR__::__COMMON__::__ERROR__::mobileNumber_EC_IN::__ERROR_TYPE__::user::__ERROR_IDS__ ], Value : [ ["u.01"] ] 
[main] INFO  MMZed_Errors.Test_MMZed_ErrorEngine  - Key : [ __FORM_VALIDATION_ERROR__::__COMMON__::__ERROR__::firstName_EC_NE::__ERROR_TYPE__::user::__ERROR_ID__::u.01::message::custom::substitute_string::__field__ ], Value : [ first name field ] 
[main] INFO  MMZed_Errors.Test_MMZed_ErrorEngine  - Key : [ __FORM_VALIDATION_ERROR__::__COMMON__::__ERROR__::firstName_EC_NE::__ERROR_TYPE__::system::__ERROR_ID__::s.01::message::custom ], Value : [ First name, __rule__ condition failed!!! ] 
[main] INFO  MMZed_Errors.Test_MMZed_ErrorEngine  - Key : [ __FORM_VALIDATION_ERROR__::__COMMON__::__ERROR__::lastName_EC_IA::__ERROR_TYPES__ ], Value : [ ["system","user"] ] 
[main] INFO  MMZed_Errors.Test_MMZed_ErrorEngine  - Key : [ __FORM_VALIDATION_ERROR__::__COMMON__::__ERROR__::mobileNumber_EC_IN::__ERROR_TYPES__ ], Value : [ ["system","user"] ] 
[main] INFO  MMZed_Errors.Test_MMZed_ErrorEngine  - Key : [ __FORM_VALIDATION_ERROR__::__COMMON__::__ERROR__::postalAddress_EC_IWML::__ERROR_TYPE__::user::__ERROR_ID__::u.01::message ], Value : [ The postal address is not within the expected length!!! ] 
[main] INFO  MMZed_Errors.Test_MMZed_ErrorEngine  - Key : [ __FORM_VALIDATION_ERROR__::__COMMON__::__ERROR__::lastName_EC_NE::__ERROR_TYPE__::system::__ERROR_ID__::s.01::message ], Value : [ Last name, Not Empty condition failed!!! ] 
[main] INFO  MMZed_Errors.Test_MMZed_ErrorEngine  - Key : [ __FORM_VALIDATION_ERROR__::__COMMON__::__ERROR__::lastName_EC_NE::__ERROR_TYPE__::system::__ERROR_IDS__ ], Value : [ ["s.01"] ] 
[main] INFO  MMZed_Errors.Test_MMZed_ErrorEngine  - Key : [ __FORM_VALIDATION_ERROR__::__COMMON__::__ERROR__::lastName_EC_IA::__ERROR_TYPE__::user::__ERROR_ID__::u.01::message ], Value : [ The last name field contains non alphabetic characters!!! ] 
[main] INFO  MMZed_Errors.Test_MMZed_ErrorEngine  - Key : [ __FORM_VALIDATION_ERROR__::__COMMON__::__ERROR__::firstName_EC_CEL::__ERROR_TYPE__::user::__ERROR_ID__::u.01::message ], Value : [ The first name field does not contain expected length!!! ] 
[main] INFO  MMZed_Errors.Test_MMZed_ErrorEngine  - Key : [ __FORM_VALIDATION_ERROR__::__COMMON__::__ERROR__::mobileNumber_EC_NE::__ERROR_TYPE__::user::__ERROR_ID__::u.01::message ], Value : [ The mobile number field is empty!!! ] 
[main] INFO  MMZed_Errors.Test_MMZed_ErrorEngine  - Key : [ __FORM_VALIDATION_ERROR__::__COMMON__::__ERROR__::firstName_EC_CEL::__ERROR_TYPE__::system::__ERROR_ID__::s.01::message ], Value : [ First name, containsExpectedLength condition failed!!! ] 
[main] INFO  MMZed_Errors.Test_MMZed_ErrorEngine  - Key : [ __FORM_VALIDATION_ERROR__::__COMMON__::__ERROR__::middleName_EC_IA::__ERROR_TYPES__ ], Value : [ ["system","user"] ] 
[main] INFO  MMZed_Errors.Test_MMZed_ErrorEngine  - Key : [ __FORM_VALIDATION_ERROR__::__COMMON__::__ERROR__::postalAddress_EC_NE::__ERROR_TYPES__ ], Value : [ ["system","user"] ] 
[main] INFO  MMZed_Errors.Test_MMZed_ErrorEngine  - Key : [ __FORM_VALIDATION_ERROR__::__COMMON__::__ERROR__::lastName_EC_NE::__ERROR_TYPE__::user::__ERROR_ID__::u.01::message ], Value : [ The last name field is empty!!! ] 
[main] INFO  MMZed_Errors.Test_MMZed_ErrorEngine  - Key : [ __FORM_VALIDATION_ERROR__::__COMMON__::__ERROR__::firstName_EC_CEL::__ERROR_TYPE__::system::__ERROR_IDS__ ], Value : [ ["s.01"] ] 
[main] INFO  MMZed_Errors.Test_MMZed_ErrorEngine  - Key : [ __FORM_VALIDATION_ERROR__::__COMMON__::__ERROR__::middleName_EC_IA::__ERROR_TYPE__::user::__ERROR_IDS__ ], Value : [ ["u.01"] ] 
[main] INFO  MMZed_Errors.Test_MMZed_ErrorEngine  - Key : [ __FORM_VALIDATION_ERROR__::__COMMON__::__ERROR__::mobileNumber_EC_CEL::__ERROR_TYPE__::user::__ERROR_IDS__ ], Value : [ ["u.01"] ] 
[main] INFO  MMZed_Errors.Test_MMZed_ErrorEngine  - Key : [ __FORM_VALIDATION_ERROR__::__COMMON__::__ERROR__::mobileNumber_EC_NE::__ERROR_TYPE__::system::__ERROR_IDS__ ], Value : [ ["s.01"] ] 
[main] INFO  MMZed_Errors.Test_MMZed_ErrorEngine  - Key : [ __FORM_VALIDATION_ERROR__::__COMMON__::__ERROR__::email_EC_CEF::__ERROR_TYPE__::system::__ERROR_IDS__ ], Value : [ ["s.01"] ] 
[main] INFO  MMZed_Errors.Test_MMZed_ErrorEngine  - Key : [ __FORM_VALIDATION_ERROR__::__COMMON__::__ERROR__::firstName_EC_CEL::__ERROR_TYPES__ ], Value : [ ["system","user"] ] 
[main] INFO  MMZed_Errors.Test_MMZed_ErrorEngine  - Key : [ __FORM_VALIDATION_ERROR__::__COMMON__::__ERROR__::middleName_EC_NE::__ERROR_TYPE__::system::__ERROR_ID__::s.01::message ], Value : [ Middle name, Not Empty condition failed!!! ] 
[main] INFO  MMZed_Errors.Test_MMZed_ErrorEngine  - Key : [ __FORM_VALIDATION_ERROR__::__COMMON__::__ERROR__::middleName_EC_NE::__ERROR_TYPES__ ], Value : [ ["system","user"] ] 
[main] INFO  MMZed_Errors.Test_MMZed_ErrorEngine  - Key : [ __FORM_VALIDATION_ERROR__::__COMMON__::__ERROR__::middleName_EC_IA::__ERROR_TYPE__::system::__ERROR_ID__::s.01::message ], Value : [ Middle name, isAlphabetic condition failed!!! ] 
[main] INFO  MMZed_Errors.Test_MMZed_ErrorEngine  - Key : [ __FORM_VALIDATION_ERROR__::__COMMON__::__ERROR__::postalAddress_EC_NE::__ERROR_TYPE__::system::__ERROR_ID__::s.01::message ], Value : [ Postal Address, Not Empty condition failed!!! ] 
[main] INFO  MMZed_Errors.Test_MMZed_ErrorEngine  - Key : [ __FORM_VALIDATION_ERROR__::__COMMON__::__ERROR__::firstName_EC_IA::__ERROR_TYPE__::system::__ERROR_IDS__ ], Value : [ ["s.01"] ] 
[main] INFO  MMZed_Errors.Test_MMZed_ErrorEngine  - Key : [ __FORM_VALIDATION_ERROR__::__COMMON__::__ERROR__::firstName_EC_NE::__ERROR_TYPE__::system::__ERROR_ID__::s.01::message::custom::substitute_string::__rule__ ], Value : [ Not empty ] 
[main] INFO  MMZed_Errors.Test_MMZed_ErrorEngine  - Key : [ __FORM_VALIDATION_ERROR__::__COMMON__::__ERROR__::firstName_EC_CEL::__ERROR_TYPE__::user::__ERROR_IDS__ ], Value : [ ["u.01"] ] 
[main] INFO  MMZed_Errors.Test_MMZed_ErrorEngine  - Key : [ __FORM_VALIDATION_ERROR__::__COMMON__::__ERROR__::postalAddress_EC_IWML::__ERROR_TYPES__ ], Value : [ ["system","user"] ] 
[main] INFO  MMZed_Errors.Test_MMZed_ErrorEngine  - Key : [ __FORM_VALIDATION_ERROR__::__COMMON__::__ERROR__::lastName_EC_IA::__ERROR_TYPE__::system::__ERROR_IDS__ ], Value : [ ["s.01"] ] 
[main] INFO  MMZed_Errors.Test_MMZed_ErrorEngine  - Key : [ __FORM_VALIDATION_ERROR__::__COMMON__::__ERROR__::mobileNumber_EC_IN::__ERROR_TYPE__::system::__ERROR_ID__::s.01::message ], Value : [ Mobile Number, isNumeric condition failed!!! ] 
[main] INFO  MMZed_Errors.Test_MMZed_ErrorEngine  - Key : [ __FORM_VALIDATION_ERROR__::__COMMON__::__ERROR__::email_EC_CEF::__ERROR_TYPE__::system::__ERROR_ID__::s.01::message ], Value : [ Email, containsExpectedFormat condition failed!!! ] 
[main] INFO  MMZed_Errors.Test_MMZed_ErrorEngine  - Key : [ __FORM_VALIDATION_ERROR__::__COMMON__::__ERROR__::firstName_EC_NE::__ERROR_TYPE__::system::__ERROR_IDS__ ], Value : [ ["s.01"] ] 
[main] INFO  MMZed_Errors.Test_MMZed_ErrorEngine  - Key : [ __FORM_VALIDATION_ERROR__::__COMMON__::__ERROR__::middleName_EC_NE::__ERROR_TYPE__::user::__ERROR_IDS__ ], Value : [ ["u.01"] ] 
[main] INFO  MMZed_Errors.Test_MMZed_ErrorEngine  - Key : [ __FORM_VALIDATION_ERROR__::__COMMON__::__ERROR__::lastName_EC_IA::__ERROR_TYPE__::user::__ERROR_IDS__ ], Value : [ ["u.01"] ] 
[main] INFO  MMZed_Errors.Test_MMZed_ErrorEngine  - Key : [ __FORM_VALIDATION_ERROR__::__COMMON__::__ERROR__::firstName_EC_NE::__ERROR_TYPE__::user::__ERROR_IDS__ ], Value : [ ["u.01"] ] 
[main] INFO  MMZed_Errors.Test_MMZed_ErrorEngine  - Key : [ __FORM_VALIDATION_ERROR__::__COMMON__::__ERROR__::mobileNumber_EC_CEL::__ERROR_TYPE__::user::__ERROR_ID__::u.01::message ], Value : [ The mobile number field does not contain expected length!!! ] 
[main] INFO  MMZed_Errors.Test_MMZed_ErrorEngine  - Key : [ __FORM_VALIDATION_ERROR__::__COMMON__::__ERROR__::postalAddress_EC_IWML::__ERROR_TYPE__::user::__ERROR_IDS__ ], Value : [ ["u.01"] ] 
[main] INFO  MMZed_Errors.Test_MMZed_ErrorEngine  - Key : [ __FORM_VALIDATION_ERROR__::__COMMON__::__ERROR__::middleName_EC_IA::__ERROR_TYPE__::user::__ERROR_ID__::u.01::message ], Value : [ The middle name field contains non alphabetic characters!!! ] 
[main] INFO  MMZed_Errors.Test_MMZed_ErrorEngine  - Key : [ __FORM_VALIDATION_ERROR__::__COMMON__::__ERROR__::firstName_EC_IA::__ERROR_TYPES__ ], Value : [ ["system","user"] ] 
[main] INFO  MMZed_Errors.Test_MMZed_ErrorEngine  - Key : [ __FORM_VALIDATION_ERROR__::__COMMON__::__ERROR__::mobileNumber_EC_CEL::__ERROR_TYPE__::system::__ERROR_IDS__ ], Value : [ ["s.01"] ] 
